<?xml version="1.0" encoding="UTF-8"?>
<!-- Generated by org.testng.reporters.JUnitReportReporter -->
<testsuite hostname="MANSINGH" failures="0" tests="7" name="org.eva.vtigercrm5.core.DataProviderConcept" time="0.059" errors="0" timestamp="2023-11-06T10:31:15 IST" skipped="0">
  <testcase classname="org.eva.vtigercrm5.core.DataProviderConcept" name="dataExample" time="0.003"/>
  <testcase classname="org.eva.vtigercrm5.core.DataProviderConcept" name="dataExample" time="0.014"/>
  <testcase classname="org.eva.vtigercrm5.core.DataProviderConcept" name="manDetails" time="0.006"/>
  <testcase classname="org.eva.vtigercrm5.core.DataProviderConcept" name="manDetails" time="0.008"/>
  <testcase classname="org.eva.vtigercrm5.core.DataProviderConcept" name="manDetails" time="0.004"/>
  <testcase classname="org.eva.vtigercrm5.core.DataProviderConcept" name="checkData" time="0.018"/>
  <testcase classname="org.eva.vtigercrm5.core.DataProviderConcept" name="checkData" time="0.006"/>
</testsuite> <!-- org.eva.vtigercrm5.core.DataProviderConcept -->
