<?xml version="1.0" encoding="UTF-8"?>
<!-- Generated by org.testng.reporters.JUnitReportReporter -->
<testsuite hostname="MANSINGH" failures="0" tests="1" name="org.eva.vtigercrm5.inventorytestscripts.InventryInvoiceTestScripts" time="25.650" errors="0" timestamp="2023-10-19T15:13:12 IST" skipped="0">
  <testcase classname="org.eva.vtigercrm5.inventorytestscripts.InventryInvoiceTestScripts" name="verifyVT0010AccountAndContactAddOnInvoiceForm" time="25.650"/>
</testsuite> <!-- org.eva.vtigercrm5.inventorytestscripts.InventryInvoiceTestScripts -->
